<?xml version="1.0" encoding="UTF-8"?>
<!-- Generated by org.testng.reporters.JUnitReportReporter -->
<testsuite hostname="Ansuman" failures="0" tests="1" name="vtiger.ContactsTests.CreateContact" time="14.821" errors="0" timestamp="2023-07-31T00:12:57 IST" skipped="0">
  <testcase classname="vtiger.ContactsTests.CreateContact" name="createContactTest" time="14.821"/>
  <system-out/>
</testsuite> <!-- vtiger.ContactsTests.CreateContact -->
