<?xml version="1.0" encoding="UTF-8"?>
<!-- Generated by org.testng.reporters.JUnitReportReporter -->
<testsuite hostname="Ansuman" failures="0" tests="1" name="vtiger.LeadsTests.CreateLead" time="12.848" errors="0" timestamp="2023-08-09T20:40:59 IST" skipped="0">
  <testcase classname="vtiger.LeadsTests.CreateLead" name="createContactTest" time="12.848"/>
  <system-out/>
</testsuite> <!-- vtiger.LeadsTests.CreateLead -->
