<?xml version="1.0" encoding="UTF-8"?>
<!-- Generated by org.testng.reporters.JUnitReportReporter -->
<testsuite hostname="Ansuman" failures="0" tests="1" name="vtiger.ContactsTests.CreateContact" time="33.536" errors="0" timestamp="2023-07-31T21:01:05 IST" skipped="0">
  <testcase classname="vtiger.ContactsTests.CreateContact" name="createContactTest" time="33.536"/>
  <system-out/>
</testsuite> <!-- vtiger.ContactsTests.CreateContact -->
